27-Apr-2023 14:44:36.524 INFO [main] org.apache.catalina.startup.VersionLoggerListener.log Nom version serveur :              Apache Tomcat/10.1.8
27-Apr-2023 14:44:36.534 INFO [main] org.apache.catalina.startup.VersionLoggerListener.log Serveur compilé :                  Apr 14 2023 19:40:29 UTC
27-Apr-2023 14:44:36.535 INFO [main] org.apache.catalina.startup.VersionLoggerListener.log Version du serveur :               10.1.8.0
27-Apr-2023 14:44:36.536 INFO [main] org.apache.catalina.startup.VersionLoggerListener.log Nom de l'OS :                      Windows 10
27-Apr-2023 14:44:36.537 INFO [main] org.apache.catalina.startup.VersionLoggerListener.log Version OS :                       10.0
27-Apr-2023 14:44:36.537 INFO [main] org.apache.catalina.startup.VersionLoggerListener.log Architecture :                     amd64
27-Apr-2023 14:44:36.538 INFO [main] org.apache.catalina.startup.VersionLoggerListener.log Java Home :                        C:\Program Files\Java\jdk-17
27-Apr-2023 14:44:36.538 INFO [main] org.apache.catalina.startup.VersionLoggerListener.log Version JVM :                      17.0.7+8-LTS-224
27-Apr-2023 14:44:36.539 INFO [main] org.apache.catalina.startup.VersionLoggerListener.log Fournisseur de la JVM :            Oracle Corporation
27-Apr-2023 14:44:36.541 INFO [main] org.apache.catalina.startup.VersionLoggerListener.log CATALINA_BASE :                    C:\Users\winn7\Bureau\DeveloppementPerso\JAVA-JEE\Projets\apache-tomcat-10.1.8
27-Apr-2023 14:44:36.541 INFO [main] org.apache.catalina.startup.VersionLoggerListener.log CATALINA_HOME :                    C:\Users\winn7\Bureau\DeveloppementPerso\JAVA-JEE\Projets\apache-tomcat-10.1.8
27-Apr-2023 14:44:36.560 INFO [main] org.apache.catalina.startup.VersionLoggerListener.log Argument de la ligne de commande : -Djava.util.logging.config.file=C:\Users\winn7\Bureau\DeveloppementPerso\JAVA-JEE\Projets\apache-tomcat-10.1.8\conf\logging.properties
27-Apr-2023 14:44:36.560 INFO [main] org.apache.catalina.startup.VersionLoggerListener.log Argument de la ligne de commande : -Djava.util.logging.manager=org.apache.juli.ClassLoaderLogManager
27-Apr-2023 14:44:36.561 INFO [main] org.apache.catalina.startup.VersionLoggerListener.log Argument de la ligne de commande : -Djdk.tls.ephemeralDHKeySize=2048
27-Apr-2023 14:44:36.561 INFO [main] org.apache.catalina.startup.VersionLoggerListener.log Argument de la ligne de commande : -Djava.protocol.handler.pkgs=org.apache.catalina.webresources
27-Apr-2023 14:44:36.562 INFO [main] org.apache.catalina.startup.VersionLoggerListener.log Argument de la ligne de commande : --add-opens=java.base/java.lang=ALL-UNNAMED
27-Apr-2023 14:44:36.562 INFO [main] org.apache.catalina.startup.VersionLoggerListener.log Argument de la ligne de commande : --add-opens=java.base/java.io=ALL-UNNAMED
27-Apr-2023 14:44:36.563 INFO [main] org.apache.catalina.startup.VersionLoggerListener.log Argument de la ligne de commande : --add-opens=java.base/java.util=ALL-UNNAMED
27-Apr-2023 14:44:36.564 INFO [main] org.apache.catalina.startup.VersionLoggerListener.log Argument de la ligne de commande : --add-opens=java.base/java.util.concurrent=ALL-UNNAMED
27-Apr-2023 14:44:36.564 INFO [main] org.apache.catalina.startup.VersionLoggerListener.log Argument de la ligne de commande : --add-opens=java.rmi/sun.rmi.transport=ALL-UNNAMED
27-Apr-2023 14:44:36.565 INFO [main] org.apache.catalina.startup.VersionLoggerListener.log Argument de la ligne de commande : -Dcatalina.base=C:\Users\winn7\Bureau\DeveloppementPerso\JAVA-JEE\Projets\apache-tomcat-10.1.8
27-Apr-2023 14:44:36.566 INFO [main] org.apache.catalina.startup.VersionLoggerListener.log Argument de la ligne de commande : -Dcatalina.home=C:\Users\winn7\Bureau\DeveloppementPerso\JAVA-JEE\Projets\apache-tomcat-10.1.8
27-Apr-2023 14:44:36.567 INFO [main] org.apache.catalina.startup.VersionLoggerListener.log Argument de la ligne de commande : -Djava.io.tmpdir=C:\Users\winn7\Bureau\DeveloppementPerso\JAVA-JEE\Projets\apache-tomcat-10.1.8\temp
27-Apr-2023 14:44:36.584 INFO [main] org.apache.catalina.core.AprLifecycleListener.lifecycleEvent La librairie Apache Tomcat Native basée sur APR qui permet des performances optimales dans les environnements de production n'a pas été trouvée sur le java.library.path : [C:\Program Files\Java\jdk-17\bin;C:\WINDOWS\Sun\Java\bin;C:\WINDOWS\system32;C:\WINDOWS;C:\Program Files\Common Files\Oracle\Java\javapath;C:\Program Files (x86)\Common Files\Oracle\Java\javapath;C:\WINDOWS\system32;C:\WINDOWS;C:\WINDOWS\System32\Wbem;C:\WINDOWS\System32\WindowsPowerShell\v1.0\;C:\WINDOWS\System32\OpenSSH\;C:\Program Files\Git\cmd;C:\Program Files\Docker\Docker\resources\bin;C:\ProgramData\DockerDesktop\version-bin;C:\Users\winn7\AppData\Roaming\nvm;C:\Program Files\nodejs;C:\Program Files\Amazon\AWSCLI\bin\aws.exe;C:\Users\winn7\AppData\Roaming\npm;C:\Program Files\php-8.2.1-nts-Win32-vs16-x64;C:\composer;C:\Program Files\MySQL\MySQL Shell 8.0\bin\;C:\Users\winn7\scoop\shims;C:\Users\winn7\AppData\Local\pnpm;C:\Users\winn7\AppData\Local\Programs\Python\Python310\Scripts\;C:\Users\winn7\AppData\Local\Programs\Python\Python310\;C:\Users\winn7\AppData\Local\Microsoft\WindowsApps;C:\Users\winn7\AppData\Local\Programs\Microsoft VS Code\bin;C:\Users\winn7\AppData\Roaming\nvm;C:\Program Files\nodejs;C:\Program Files\Amazon\AWSCLI\bin;C:\Users\winn7\AppData\Roaming\npm;C:\Users\winn7\AppData\Roaming\Composer\vendor\bin;C:\Program Files\heroku\bin;;C:\Users\winn7\AppData\Local\JetBrains\IntelliJ IDEA 2023.1\bin;;.]
27-Apr-2023 14:44:37.021 INFO [main] org.apache.coyote.AbstractProtocol.init Initialisation du gestionnaire de protocole ["http-nio-8080"]
27-Apr-2023 14:44:37.060 INFO [main] org.apache.catalina.startup.Catalina.load L'initialisation du serveur a pris [927] millisecondes
27-Apr-2023 14:44:37.131 INFO [main] org.apache.catalina.core.StandardService.startInternal Démarrage du service [Catalina]
27-Apr-2023 14:44:37.131 INFO [main] org.apache.catalina.core.StandardEngine.startInternal Démarrage du moteur de Servlets : [Apache Tomcat/10.1.8]
27-Apr-2023 14:44:37.155 INFO [main] org.apache.catalina.startup.HostConfig.deployDirectory Déploiement du répertoire d'application web [C:\Users\winn7\Bureau\DeveloppementPerso\JAVA-JEE\Projets\apache-tomcat-10.1.8\webapps\docs]
27-Apr-2023 14:44:37.775 INFO [main] org.apache.catalina.startup.HostConfig.deployDirectory Le déploiement du répertoire [C:\Users\winn7\Bureau\DeveloppementPerso\JAVA-JEE\Projets\apache-tomcat-10.1.8\webapps\docs] de l'application web s'est terminé en [617] ms
27-Apr-2023 14:44:37.776 INFO [main] org.apache.catalina.startup.HostConfig.deployDirectory Déploiement du répertoire d'application web [C:\Users\winn7\Bureau\DeveloppementPerso\JAVA-JEE\Projets\apache-tomcat-10.1.8\webapps\examples]
27-Apr-2023 14:44:38.721 INFO [main] org.apache.catalina.startup.HostConfig.deployDirectory Le déploiement du répertoire [C:\Users\winn7\Bureau\DeveloppementPerso\JAVA-JEE\Projets\apache-tomcat-10.1.8\webapps\examples] de l'application web s'est terminé en [944] ms
27-Apr-2023 14:44:38.721 INFO [main] org.apache.catalina.startup.HostConfig.deployDirectory Déploiement du répertoire d'application web [C:\Users\winn7\Bureau\DeveloppementPerso\JAVA-JEE\Projets\apache-tomcat-10.1.8\webapps\host-manager]
27-Apr-2023 14:44:38.790 INFO [main] org.apache.catalina.startup.HostConfig.deployDirectory Le déploiement du répertoire [C:\Users\winn7\Bureau\DeveloppementPerso\JAVA-JEE\Projets\apache-tomcat-10.1.8\webapps\host-manager] de l'application web s'est terminé en [69] ms
27-Apr-2023 14:44:38.791 INFO [main] org.apache.catalina.startup.HostConfig.deployDirectory Déploiement du répertoire d'application web [C:\Users\winn7\Bureau\DeveloppementPerso\JAVA-JEE\Projets\apache-tomcat-10.1.8\webapps\manager]
27-Apr-2023 14:44:38.869 INFO [main] org.apache.catalina.startup.HostConfig.deployDirectory Le déploiement du répertoire [C:\Users\winn7\Bureau\DeveloppementPerso\JAVA-JEE\Projets\apache-tomcat-10.1.8\webapps\manager] de l'application web s'est terminé en [77] ms
27-Apr-2023 14:44:38.869 INFO [main] org.apache.catalina.startup.HostConfig.deployDirectory Déploiement du répertoire d'application web [C:\Users\winn7\Bureau\DeveloppementPerso\JAVA-JEE\Projets\apache-tomcat-10.1.8\webapps\ROOT]
27-Apr-2023 14:44:38.922 INFO [main] org.apache.catalina.startup.HostConfig.deployDirectory Le déploiement du répertoire [C:\Users\winn7\Bureau\DeveloppementPerso\JAVA-JEE\Projets\apache-tomcat-10.1.8\webapps\ROOT] de l'application web s'est terminé en [52] ms
27-Apr-2023 14:44:38.930 INFO [main] org.apache.coyote.AbstractProtocol.start Démarrage du gestionnaire de protocole ["http-nio-8080"]
27-Apr-2023 14:44:39.011 INFO [main] org.apache.catalina.startup.Catalina.start Le démarrage du serveur a pris [1950] millisecondes
